<?xml version="1.0" encoding="UTF-8"?>
<!-- Generated by org.testng.reporters.JUnitReportReporter -->
<testsuite hostname="DESKTOP-PIE6SF7" failures="0" tests="1" name="TestNGDemoOne.NewTest2" time="0.001" errors="0" timestamp="2021-12-26T12:01:11 GMT-08:00" skipped="0">
  <testcase classname="TestNGDemoOne.NewTest2" name="test3" time="0.001"/>
  <system-out/>
</testsuite> <!-- TestNGDemoOne.NewTest2 -->
