<?xml version="1.0" encoding="UTF-8"?>
<!-- Generated by org.testng.reporters.JUnitReportReporter -->
<testsuite hostname="DESKTOP-PIE6SF7" failures="0" tests="2" name="TestNGDemoOne.NewTest" time="0.015" errors="0" timestamp="2021-12-26T12:01:11 GMT-08:00" skipped="0">
  <testcase classname="TestNGDemoOne.NewTest" name="test2" time="0.004"/>
  <system-out/>
  <testcase classname="TestNGDemoOne.NewTest" name="test1" time="0.011"/>
  <system-out/>
</testsuite> <!-- TestNGDemoOne.NewTest -->
